server error { Error: connect ECONNREFUSED 127.0.0.1:3000
    at TCPConnectWrap.afterConnect [as oncomplete] (net.js:1117:14)
  errno: 'ECONNREFUSED',
  code: 'ECONNREFUSED',
  syscall: 'connect',
  address: '127.0.0.1',
  port: 3000,
  config:
   { adapter: [Function: httpAdapter],
     transformRequest: { '0': [Function: transformRequest] },
     transformResponse: { '0': [Function: transformResponse] },
     timeout: 0,
     xsrfCookieName: 'XSRF-TOKEN',
     xsrfHeaderName: 'X-XSRF-TOKEN',
     maxContentLength: -1,
     validateStatus: [Function: validateStatus],
     headers:
      { Accept: 'application/json, text/plain, */*',
        cookie: '',
        'User-Agent': 'axios/0.18.0' },
     method: 'get',
     baseURL: 'http://localhost:3000',
     url: 'http://localhost:3000/api/getMapList',
     data: undefined },
  request:
   Writable {
     _writableState:
      WritableState {
        objectMode: false,
        highWaterMark: 16384,
        finalCalled: false,
        needDrain: false,
        ending: false,
        ended: false,
        finished: false,
        destroyed: false,
        decodeStrings: true,
        defaultEncoding: 'utf8',
        length: 0,
        writing: false,
        corked: 0,
        sync: true,
        bufferProcessing: false,
        onwrite: [Function: bound onwrite],
        writecb: null,
        writelen: 0,
        bufferedRequest: null,
        lastBufferedRequest: null,
        pendingcb: 0,
        prefinished: false,
        errorEmitted: false,
        emitClose: true,
        bufferedRequestCount: 0,
        corkedRequestsFree: [Object] },
     writable: true,
     _events:
      [Object: null prototype] {
        response: [Function: handleResponse],
        error: [Function: handleRequestError] },
     _eventsCount: 2,
     _maxListeners: undefined,
     _options:
      { maxRedirects: 21,
        maxBodyLength: 10485760,
        protocol: 'http:',
        path: '/api/getMapList',
        method: 'get',
        headers: [Object],
        agent: undefined,
        auth: undefined,
        hostname: 'localhost',
        port: '3000',
        nativeProtocols: [Object],
        pathname: '/api/getMapList' },
     _ended: true,
     _ending: true,
     _redirectCount: 0,
     _redirects: [],
     _requestBodyLength: 0,
     _requestBodyBuffers: [],
     _onNativeResponse: [Function],
     _currentRequest:
      ClientRequest {
        _events: [Object],
        _eventsCount: 6,
        _maxListeners: undefined,
        output: [],
        outputEncodings: [],
        outputCallbacks: [],
        outputSize: 0,
        writable: true,
        _last: true,
        chunkedEncoding: false,
        shouldKeepAlive: false,
        useChunkedEncodingByDefault: false,
        sendDate: false,
        _removedConnection: false,
        _removedContLen: false,
        _removedTE: false,
        _contentLength: 0,
        _hasBody: true,
        _trailer: '',
        finished: true,
        _headerSent: true,
        socket: [Socket],
        connection: [Socket],
        _header:
         'GET /api/getMapList HTTP/1.1\r\nAccept: application/json, text/plain, */*\r\ncookie: \r\nUser-Agent: axios/0.18.0\r\nHost: localhost:3000\r\nConnection: close\r\n\r\n',
        _onPendingData: [Function: noopPendingOutput],
        agent: [Agent],
        socketPath: undefined,
        timeout: undefined,
        method: 'GET',
        path: '/api/getMapList',
        _ended: false,
        res: null,
        aborted: undefined,
        timeoutCb: null,
        upgradeOrConnect: false,
        parser: null,
        maxHeadersCount: null,
        _redirectable: [Circular],
        [Symbol(isCorked)]: false,
        [Symbol(outHeadersKey)]: [Object] },
     _currentUrl: 'http://localhost:3000/api/getMapList' },
  response: undefined } { request:
   { method: 'GET',
     url: '/map',
     header:
      { host: '127.0.0.1',
        connection: 'keep-alive',
        pragma: 'no-cache',
        'cache-control': 'no-cache',
        'upgrade-insecure-requests': '1',
        'user-agent':
         'Mozilla/5.0 (Windows NT 10.0; Win64; x64) AppleWebKit/537.36 (KHTML, like Gecko) Chrome/73.0.3683.103 Safari/537.36',
        accept:
         'text/html,application/xhtml+xml,application/xml;q=0.9,image/webp,image/apng,*/*;q=0.8,application/signed-exchange;v=b3',
        referer: 'http://127.0.0.1/',
        'accept-encoding': 'gzip, deflate, br',
        'accept-language': 'zh-CN,zh;q=0.9' } },
  response:
   { status: 404,
     message: 'Not Found',
     header: [Object: null prototype] {} },
  app: { subdomainOffset: 2, proxy: false, env: 'production' },
  originalUrl: '/map',
  req: '<original node req>',
  res: '<original node res>',
  socket: '<original node socket>' }
server error { Error: connect ECONNREFUSED 127.0.0.1:3000
    at TCPConnectWrap.afterConnect [as oncomplete] (net.js:1117:14)
  errno: 'ECONNREFUSED',
  code: 'ECONNREFUSED',
  syscall: 'connect',
  address: '127.0.0.1',
  port: 3000,
  config:
   { adapter: [Function: httpAdapter],
     transformRequest: { '0': [Function: transformRequest] },
     transformResponse: { '0': [Function: transformResponse] },
     timeout: 0,
     xsrfCookieName: 'XSRF-TOKEN',
     xsrfHeaderName: 'X-XSRF-TOKEN',
     maxContentLength: -1,
     validateStatus: [Function: validateStatus],
     headers:
      { Accept: 'application/json, text/plain, */*',
        cookie: '',
        'User-Agent': 'axios/0.18.0' },
     method: 'get',
     baseURL: 'http://localhost:3000',
     url: 'http://localhost:3000/api/getMapList',
     data: undefined },
  request:
   Writable {
     _writableState:
      WritableState {
        objectMode: false,
        highWaterMark: 16384,
        finalCalled: false,
        needDrain: false,
        ending: false,
        ended: false,
        finished: false,
        destroyed: false,
        decodeStrings: true,
        defaultEncoding: 'utf8',
        length: 0,
        writing: false,
        corked: 0,
        sync: true,
        bufferProcessing: false,
        onwrite: [Function: bound onwrite],
        writecb: null,
        writelen: 0,
        bufferedRequest: null,
        lastBufferedRequest: null,
        pendingcb: 0,
        prefinished: false,
        errorEmitted: false,
        emitClose: true,
        bufferedRequestCount: 0,
        corkedRequestsFree: [Object] },
     writable: true,
     _events:
      [Object: null prototype] {
        response: [Function: handleResponse],
        error: [Function: handleRequestError] },
     _eventsCount: 2,
     _maxListeners: undefined,
     _options:
      { maxRedirects: 21,
        maxBodyLength: 10485760,
        protocol: 'http:',
        path: '/api/getMapList',
        method: 'get',
        headers: [Object],
        agent: undefined,
        auth: undefined,
        hostname: 'localhost',
        port: '3000',
        nativeProtocols: [Object],
        pathname: '/api/getMapList' },
     _ended: true,
     _ending: true,
     _redirectCount: 0,
     _redirects: [],
     _requestBodyLength: 0,
     _requestBodyBuffers: [],
     _onNativeResponse: [Function],
     _currentRequest:
      ClientRequest {
        _events: [Object],
        _eventsCount: 6,
        _maxListeners: undefined,
        output: [],
        outputEncodings: [],
        outputCallbacks: [],
        outputSize: 0,
        writable: true,
        _last: true,
        chunkedEncoding: false,
        shouldKeepAlive: false,
        useChunkedEncodingByDefault: false,
        sendDate: false,
        _removedConnection: false,
        _removedContLen: false,
        _removedTE: false,
        _contentLength: 0,
        _hasBody: true,
        _trailer: '',
        finished: true,
        _headerSent: true,
        socket: [Socket],
        connection: [Socket],
        _header:
         'GET /api/getMapList HTTP/1.1\r\nAccept: application/json, text/plain, */*\r\ncookie: \r\nUser-Agent: axios/0.18.0\r\nHost: localhost:3000\r\nConnection: close\r\n\r\n',
        _onPendingData: [Function: noopPendingOutput],
        agent: [Agent],
        socketPath: undefined,
        timeout: undefined,
        method: 'GET',
        path: '/api/getMapList',
        _ended: false,
        res: null,
        aborted: undefined,
        timeoutCb: null,
        upgradeOrConnect: false,
        parser: null,
        maxHeadersCount: null,
        _redirectable: [Circular],
        [Symbol(isCorked)]: false,
        [Symbol(outHeadersKey)]: [Object] },
     _currentUrl: 'http://localhost:3000/api/getMapList' },
  response: undefined } { request:
   { method: 'GET',
     url: '/map',
     header:
      { host: '127.0.0.1',
        connection: 'keep-alive',
        pragma: 'no-cache',
        'cache-control': 'no-cache',
        'upgrade-insecure-requests': '1',
        'user-agent':
         'Mozilla/5.0 (Windows NT 10.0; Win64; x64) AppleWebKit/537.36 (KHTML, like Gecko) Chrome/73.0.3683.103 Safari/537.36',
        accept:
         'text/html,application/xhtml+xml,application/xml;q=0.9,image/webp,image/apng,*/*;q=0.8,application/signed-exchange;v=b3',
        referer: 'http://127.0.0.1/',
        'accept-encoding': 'gzip, deflate, br',
        'accept-language': 'zh-CN,zh;q=0.9' } },
  response:
   { status: 404,
     message: 'Not Found',
     header: [Object: null prototype] {} },
  app: { subdomainOffset: 2, proxy: false, env: 'production' },
  originalUrl: '/map',
  req: '<original node req>',
  res: '<original node res>',
  socket: '<original node socket>' }
